<?xml version="1.0" encoding="UTF-8"?>
<!-- Generated by org.testng.reporters.JUnitReportReporter -->
<testsuite skipped="0" hostname="BDC8-LX-72309K9" name="com.api.twitter.restassured.TwitterAPIOauth" tests="1" failures="0" timestamp="2021-01-18T12:42:46 IST" time="4.555" errors="0">
  <testcase name="RestAssuredOauth" time="4.555" classname="com.api.twitter.restassured.TwitterAPIOauth"/>
  <system-out/>
</testsuite> <!-- com.api.twitter.restassured.TwitterAPIOauth -->
